<?xml version="1.0" encoding="UTF-8"?>
<testng-results ignored="0" total="1" passed="1" failed="0" skipped="0">
  <reporter-output>
  </reporter-output>
  <suite started-at="2026-09-19T15:50:41 IST" name="Default suite" finished-at="2026-09-19T15:50:41 IST" duration-ms="485">
    <groups>
    </groups>
    <test started-at="2026-09-19T15:50:41 IST" name="Default test" finished-at="2026-09-19T15:50:41 IST" duration-ms="485">
      <class name="tests.Demo">
        <test-method signature="tc2()[pri:0, instance:tests.Demo@f6efaab]" started-at="2026-09-19T15:50:41 IST" name="tc2" finished-at="2026-09-19T15:50:41 IST" duration-ms="133" status="PASS">
          <reporter-output>
          </reporter-output>
        </test-method> <!-- tc2 -->
      </class> <!-- tests.Demo -->
    </test> <!-- Default test -->
  </suite> <!-- Default suite -->
</testng-results>
